\BOOKMARK [0][-]{chapter.1}{\376\377\000I\000n\000t\000r\000o\000d\000u\000c\000t\000i\000o\000n}{}% 1
\BOOKMARK [1][-]{section.1.1}{\376\377\000P\000r\000i\000m\000a\000r\000y\000\040\000M\000o\000t\000i\000v\000a\000t\000i\000o\000n\000:\000\040\000P\000o\000l\000y\000n\000o\000m\000i\000a\000l\000s\000\040\000A\000p\000p\000l\000i\000e\000d\000\040\000t\000o\000\040\000N\000e\000u\000r\000a\000l\000\040\000N\000e\000t\000w\000o\000r\000k\000s}{chapter.1}% 2
\BOOKMARK [1][-]{section.1.2}{\376\377\000G\000e\000n\000e\000r\000a\000l\000i\000z\000a\000t\000i\000o\000n\000\040\000t\000o\000\040\000A\000d\000d\000i\000t\000i\000o\000n\000a\000l\000\040\000M\000o\000t\000i\000v\000a\000t\000i\000n\000g\000\040\000A\000p\000p\000l\000i\000c\000a\000t\000i\000o\000n\000s}{chapter.1}% 3
\BOOKMARK [2][-]{subsection.1.2.1}{\376\377\000T\000r\000a\000v\000e\000l\000i\000n\000g\000\040\000O\000c\000e\000a\000n\000\040\000W\000a\000v\000e\000\040\000E\000x\000a\000m\000p\000l\000e}{section.1.2}% 4
\BOOKMARK [2][-]{subsection.1.2.2}{\376\377\000N\000o\000n\000l\000i\000n\000e\000a\000r\000\040\000A\000m\000p\000l\000i\000f\000i\000e\000r\000\040\000E\000x\000a\000m\000p\000l\000e}{section.1.2}% 5
\BOOKMARK [1][-]{section.1.3}{\376\377\000A\000d\000d\000i\000t\000i\000o\000n\000a\000l\000\040\000R\000e\000l\000a\000t\000e\000d\000\040\000W\000o\000r\000k}{chapter.1}% 6
\BOOKMARK [2][-]{subsection.1.3.1}{\376\377\000N\000e\000u\000r\000a\000l\000\040\000N\000e\000t\000w\000o\000r\000k\000\040\000T\000e\000s\000t\000\040\000a\000n\000d\000\040\000V\000e\000r\000i\000f\000i\000c\000a\000t\000i\000o\000n}{section.1.3}% 7
\BOOKMARK [2][-]{subsection.1.3.2}{\376\377\000N\000e\000u\000r\000a\000l\000\040\000N\000e\000t\000w\000o\000r\000k\000\040\000E\000q\000u\000i\000v\000a\000l\000e\000n\000c\000y\000\040\000T\000e\000s\000t\000i\000n\000g}{section.1.3}% 8
\BOOKMARK [2][-]{subsection.1.3.3}{\376\377\000N\000e\000u\000r\000a\000l\000\040\000N\000e\000t\000w\000o\000r\000k\000\040\000I\000n\000t\000e\000r\000p\000r\000e\000t\000a\000b\000i\000l\000i\000t\000y\000\040\000a\000n\000d\000\040\000E\000x\000p\000l\000a\000i\000n\000a\000b\000i\000l\000i\000t\000y}{section.1.3}% 9
\BOOKMARK [2][-]{subsection.1.3.4}{\376\377\000N\000e\000u\000r\000a\000l\000\040\000N\000e\000t\000w\000o\000r\000k\000\040\000R\000e\000p\000l\000i\000c\000a\000t\000i\000o\000n\000\040\000A\000t\000t\000a\000c\000k\000\040\000a\000n\000d\000\040\000D\000e\000f\000e\000n\000s\000e}{section.1.3}% 10
\BOOKMARK [1][-]{section.1.4}{\376\377\000M\000a\000i\000n\000\040\000C\000o\000n\000t\000r\000i\000b\000u\000t\000i\000o\000n\000s}{chapter.1}% 11
\BOOKMARK [0][-]{chapter.2}{\376\377\000D\000e\000f\000i\000n\000i\000t\000i\000o\000n\000s\000\040\000a\000n\000d\000\040\000S\000e\000t\000u\000p}{}% 12
\BOOKMARK [1][-]{section.2.1}{\376\377\000N\000o\000n\000l\000i\000n\000e\000a\000r\000\040\000F\000u\000n\000c\000t\000i\000o\000n\000s\000\040\000a\000n\000d\000\040\000E\000x\000p\000a\000n\000s\000i\000o\000n\000\040\000F\000o\000r\000m\000s}{chapter.2}% 13
\BOOKMARK [1][-]{section.2.2}{\376\377\000A\000p\000p\000l\000i\000c\000a\000t\000i\000o\000n\000\040\000t\000o\000\040\000M\000L\000P\000\040\000E\000q\000u\000i\000v\000a\000l\000e\000n\000c\000e\000\040\000T\000e\000s\000t\000i\000n\000g}{chapter.2}% 14
\BOOKMARK [2][-]{subsection.2.2.1}{\376\377\000D\000e\000f\000i\000n\000i\000t\000i\000o\000n\000s}{section.2.2}% 15
\BOOKMARK [2][-]{subsection.2.2.2}{\376\377\000A\000s\000s\000u\000m\000p\000t\000i\000o\000n\000s}{section.2.2}% 16
\BOOKMARK [0][-]{chapter.3}{\376\377\000A\000n\000a\000l\000y\000t\000i\000c\000a\000l\000l\000y\000\040\000M\000o\000d\000i\000f\000i\000e\000d\000\040\000I\000n\000t\000e\000g\000r\000a\000l\000\040\000T\000r\000a\000n\000s\000f\000o\000r\000m\000\040\000E\000x\000p\000a\000n\000s\000i\000o\000n\000\040\000T\000e\000c\000h\000n\000i\000q\000u\000e}{}% 17
\BOOKMARK [1][-]{section.3.1}{\376\377\000G\000e\000n\000e\000r\000a\000l\000\040\000E\000x\000p\000a\000n\000s\000i\000o\000n\000\040\000T\000e\000c\000h\000n\000i\000q\000u\000e}{chapter.3}% 18
\BOOKMARK [1][-]{section.3.2}{\376\377\000A\000l\000t\000e\000r\000n\000a\000t\000e\000\040\000T\000a\000y\000l\000o\000r\000\040\000S\000e\000r\000i\000e\000s\000\040\000D\000e\000r\000i\000v\000a\000t\000i\000o\000n\000s}{chapter.3}% 19
\BOOKMARK [2][-]{subsection.3.2.1}{\376\377\000H\000y\000p\000e\000r\000b\000o\000l\000i\000c\000\040\000S\000e\000c\000a\000n\000t}{section.3.2}% 20
\BOOKMARK [2][-]{subsection.3.2.2}{\376\377\000H\000y\000p\000e\000r\000b\000o\000l\000i\000c\000\040\000T\000a\000n\000g\000e\000n\000t}{section.3.2}% 21
\BOOKMARK [2][-]{subsection.3.2.3}{\376\377\000H\000y\000p\000e\000r\000b\000o\000l\000i\000c\000\040\000S\000e\000c\000a\000n\000t\000\040\000S\000q\000u\000a\000r\000e\000d}{section.3.2}% 22
\BOOKMARK [1][-]{section.3.3}{\376\377\000M\000o\000d\000i\000f\000y\000i\000n\000g\000\040\000t\000h\000e\000\040\000L\000i\000m\000i\000t\000s\000\040\000o\000f\000\040\000I\000n\000t\000e\000g\000r\000a\000t\000i\000o\000n}{chapter.3}% 23
\BOOKMARK [1][-]{section.3.4}{\376\377\000A\000n\000\040\000I\000m\000p\000r\000o\000v\000e\000d\000\040\000H\000y\000p\000e\000r\000b\000o\000l\000i\000c\000\040\000S\000e\000c\000a\000n\000t\000\040\000E\000x\000p\000a\000n\000s\000i\000o\000n}{chapter.3}% 24
\BOOKMARK [1][-]{section.3.5}{\376\377\000A\000n\000\040\000I\000m\000p\000r\000o\000v\000e\000d\000\040\000H\000y\000p\000e\000r\000b\000o\000l\000i\000c\000\040\000T\000a\000n\000g\000e\000n\000t\000\040\000E\000x\000p\000a\000n\000s\000i\000o\000n}{chapter.3}% 25
\BOOKMARK [1][-]{section.3.6}{\376\377\000A\000n\000\040\000I\000m\000p\000r\000o\000v\000e\000d\000\040\000H\000y\000p\000e\000r\000b\000o\000l\000i\000c\000\040\000S\000e\000c\000a\000n\000t\000\040\000S\000q\000u\000a\000r\000e\000d\000\040\000E\000x\000p\000a\000n\000s\000i\000o\000n}{chapter.3}% 26
\BOOKMARK [1][-]{section.3.7}{\376\377\000A\000n\000\040\000I\000m\000p\000r\000o\000v\000e\000d\000\040\000R\000e\000L\000U\000\040\000E\000x\000p\000a\000n\000s\000i\000o\000n}{chapter.3}% 27
\BOOKMARK [1][-]{section.3.8}{\376\377\000F\000u\000l\000l\000\040\000S\000i\000n\000g\000l\000e\000\040\000H\000i\000d\000d\000e\000n\000\040\000L\000a\000y\000e\000r\000\040\000M\000L\000P\000\040\000E\000x\000p\000a\000n\000s\000i\000o\000n}{chapter.3}% 28
\BOOKMARK [1][-]{section.3.9}{\376\377\000E\000x\000p\000a\000n\000s\000i\000o\000n\000\040\000R\000e\000s\000u\000l\000t\000s}{chapter.3}% 29
\BOOKMARK [0][-]{chapter.4}{\376\377\000C\000a\000s\000e\000\040\000S\000t\000u\000d\000y\000:\000\040\000A\000p\000p\000l\000i\000c\000a\000t\000i\000o\000n\000\040\000t\000o\000\040\000M\000L\000P\000\040\000C\000o\000n\000f\000o\000r\000m\000a\000n\000c\000e\000\040\000T\000e\000s\000t\000i\000n\000g}{}% 30
\BOOKMARK [1][-]{section.4.1}{\376\377\000A\000p\000p\000l\000i\000c\000a\000t\000i\000o\000n\000\040\000D\000e\000s\000c\000r\000i\000p\000t\000i\000o\000n\000\040\000a\000n\000d\000\040\000P\000r\000o\000b\000l\000e\000m\000\040\000S\000e\000t\000u\000p}{chapter.4}% 31
\BOOKMARK [1][-]{section.4.2}{\376\377\000M\000L\000P\000\040\000C\000o\000n\000f\000o\000r\000m\000a\000n\000c\000e\000\040\000T\000e\000s\000t\000\040\000S\000t\000e\000p\000s}{chapter.4}% 32
\BOOKMARK [1][-]{section.4.3}{\376\377\000E\000x\000p\000e\000r\000i\000m\000e\000n\000t\000\040\000G\000r\000o\000u\000p\000\040\000A\000:\000\040\000S\000m\000a\000l\000l\000\040\000M\000L\000P\000s}{chapter.4}% 33
\BOOKMARK [2][-]{subsection.4.3.1}{\376\377\000M\000e\000t\000h\000o\000d\000\040\000a\000n\000d\000\040\000E\000x\000p\000e\000r\000i\000m\000e\000n\000t\000\040\000S\000e\000t\000u\000p}{section.4.3}% 34
\BOOKMARK [2][-]{subsection.4.3.2}{\376\377\000R\000e\000s\000u\000l\000t\000s}{section.4.3}% 35
\BOOKMARK [1][-]{section.4.4}{\376\377\000E\000x\000p\000e\000r\000i\000m\000e\000n\000t\000\040\000G\000r\000o\000u\000p\000\040\000B\000:\000\040\000L\000a\000r\000g\000e\000r\000\040\000M\000L\000P\000s}{chapter.4}% 36
\BOOKMARK [2][-]{subsection.4.4.1}{\376\377\000M\000e\000t\000h\000o\000d\000\040\000a\000n\000d\000\040\000E\000x\000p\000e\000r\000i\000m\000e\000n\000t\000\040\000S\000e\000t\000u\000p}{section.4.4}% 37
\BOOKMARK [2][-]{subsection.4.4.2}{\376\377\000R\000e\000s\000u\000l\000t\000s}{section.4.4}% 38
\BOOKMARK [0][-]{chapter.5}{\376\377\000A\000d\000d\000i\000t\000i\000o\000n\000a\000l\000\040\000C\000a\000s\000e\000\040\000S\000t\000u\000d\000i\000e\000s}{}% 39
\BOOKMARK [1][-]{section.5.1}{\376\377\000A\000p\000p\000l\000i\000c\000a\000t\000i\000o\000n\000\040\000t\000o\000\040\000S\000h\000a\000l\000l\000o\000w\000\040\000W\000a\000t\000e\000r\000\040\000W\000a\000v\000e\000s}{chapter.5}% 40
\BOOKMARK [2][-]{subsection.5.1.1}{\376\377\000S\000e\000t\000u\000p}{section.5.1}% 41
\BOOKMARK [2][-]{subsection.5.1.2}{\376\377\000S\000o\000l\000u\000t\000i\000o\000n}{section.5.1}% 42
\BOOKMARK [2][-]{subsection.5.1.3}{\376\377\000R\000e\000s\000u\000l\000t\000s}{section.5.1}% 43
\BOOKMARK [1][-]{section.5.2}{\376\377\000A\000p\000p\000l\000i\000c\000a\000t\000i\000o\000n\000\040\000t\000o\000\040\000N\000o\000n\000l\000i\000n\000e\000a\000r\000\040\000C\000i\000r\000c\000u\000i\000t\000\040\000A\000n\000a\000l\000y\000s\000i\000s}{chapter.5}% 44
\BOOKMARK [2][-]{subsection.5.2.1}{\376\377\000S\000e\000t\000u\000p}{section.5.2}% 45
\BOOKMARK [2][-]{subsection.5.2.2}{\376\377\000P\000r\000o\000b\000l\000e\000m\000\040\0001\000:\000\040\000U\000n\000b\000i\000a\000s\000e\000d\000\040\000N\000o\000n\000l\000i\000n\000e\000a\000r\000\040\000A\000m\000p\000l\000i\000f\000i\000e\000r}{section.5.2}% 46
\BOOKMARK [2][-]{subsection.5.2.3}{\376\377\000P\000r\000o\000b\000l\000e\000m\000\040\0002\000:\000\040\000O\000u\000t\000p\000u\000t\000\040\000B\000i\000a\000s\000\040\000o\000f\000\040\000a\000\040\000N\000o\000n\000l\000i\000n\000e\000a\000r\000\040\000A\000m\000p\000l\000i\000f\000i\000e\000r}{section.5.2}% 47
\BOOKMARK [0][-]{chapter.6}{\376\377\000F\000u\000t\000u\000r\000e\000\040\000W\000o\000r\000k\000:\000\040\000A\000d\000d\000r\000e\000s\000s\000i\000n\000g\000\040\000t\000h\000e\000\040\000D\000e\000p\000t\000h\000s\000\040\000o\000f\000\040\000N\000e\000s\000t\000e\000d\000\040\000N\000o\000n\000l\000i\000n\000e\000a\000r\000i\000t\000y}{}% 48
\BOOKMARK [1][-]{section.6.1}{\376\377\000M\000o\000t\000i\000v\000a\000t\000i\000o\000n\000s\000\040\000f\000o\000r\000\040\000A\000d\000d\000r\000e\000s\000s\000i\000n\000g\000\040\000N\000e\000s\000t\000e\000d\000\040\000N\000o\000n\000l\000i\000n\000e\000a\000r\000i\000t\000y}{chapter.6}% 49
\BOOKMARK [1][-]{section.6.2}{\376\377\000M\000a\000t\000h\000e\000m\000a\000t\000i\000c\000a\000l\000\040\000A\000p\000p\000r\000o\000a\000c\000h}{chapter.6}% 50
\BOOKMARK [1][-]{section.6.3}{\376\377\000F\000u\000t\000u\000r\000e\000\040\000S\000t\000u\000d\000i\000e\000s}{chapter.6}% 51
\BOOKMARK [2][-]{subsection.6.3.1}{\376\377\000N\000e\000u\000r\000a\000l\000\040\000S\000y\000s\000t\000e\000m\000s\000\040\000V\000e\000r\000i\000f\000i\000c\000a\000t\000i\000o\000n}{section.6.3}% 52
\BOOKMARK [2][-]{subsection.6.3.2}{\376\377\000N\000e\000u\000r\000a\000l\000\040\000N\000e\000t\000w\000o\000r\000k\000\040\000I\000n\000t\000e\000r\000p\000r\000e\000t\000a\000b\000i\000l\000i\000t\000y\000\040\000a\000n\000d\000\040\000E\000x\000p\000l\000a\000i\000n\000a\000b\000i\000l\000i\000t\000y}{section.6.3}% 53
\BOOKMARK [2][-]{subsection.6.3.3}{\376\377\000S\000c\000a\000l\000a\000b\000i\000l\000i\000t\000y\000\040\000f\000o\000r\000\040\000A\000n\000a\000l\000y\000s\000i\000s\000\040\000o\000f\000\040\000L\000a\000r\000g\000e\000r\000\040\000N\000e\000t\000w\000o\000r\000k\000s}{section.6.3}% 54
\BOOKMARK [2][-]{subsection.6.3.4}{\376\377\000W\000a\000v\000e\000s\000\040\000a\000n\000d\000\040\000R\000a\000d\000a\000r\000\040\000C\000l\000u\000t\000t\000e\000r\000\040\000A\000n\000a\000l\000y\000s\000i\000s}{section.6.3}% 55
\BOOKMARK [2][-]{subsection.6.3.5}{\376\377\000N\000o\000n\000l\000i\000n\000e\000a\000r\000\040\000C\000i\000r\000c\000u\000i\000t\000\040\000D\000e\000s\000i\000g\000n\000\040\000a\000n\000d\000\040\000A\000n\000a\000l\000y\000s\000i\000s}{section.6.3}% 56
\BOOKMARK [2][-]{subsection.6.3.6}{\376\377\000F\000u\000n\000d\000a\000m\000e\000n\000t\000a\000l\000\040\000M\000a\000t\000h\000e\000m\000a\000t\000i\000c\000a\000l\000\040\000S\000t\000u\000d\000i\000e\000s\000\040\000i\000n\000\040\000F\000u\000n\000c\000t\000i\000o\000n\000\040\000A\000p\000p\000r\000o\000x\000i\000m\000a\000t\000i\000o\000n}{section.6.3}% 57
\BOOKMARK [0][-]{chapter.7}{\376\377\000C\000o\000n\000c\000l\000u\000s\000i\000o\000n}{}% 58
\BOOKMARK [0][-]{section*.11}{\376\377\000B\000i\000b\000l\000i\000o\000g\000r\000a\000p\000h\000y}{}% 59
\BOOKMARK [0][-]{section*.13}{\376\377\000A\000p\000p\000e\000n\000d\000i\000c\000e\000s}{}% 60
\BOOKMARK [1][-]{section.a..1}{\376\377\000H\000y\000p\000e\000r\000g\000e\000o\000m\000e\000t\000r\000i\000c\000\040\000F\000o\000r\000m\000\040\000o\000f\000\040\000T\000a\000y\000l\000o\000r\000\040\000E\000x\000p\000a\000n\000s\000i\000o\000n\000\040\000E\000r\000r\000o\000r\000s\000\040\000F\000o\000r\000\040\000S\000i\000n\000e\000\040\000a\000n\000d\000\040\000C\000o\000s\000i\000n\000e}{section*.13}% 61
\BOOKMARK [1][-]{section.a..2}{\376\377\000U\000s\000e\000f\000u\000l\000\040\000I\000n\000t\000e\000g\000r\000a\000l\000\040\000R\000e\000p\000r\000e\000s\000e\000n\000t\000a\000t\000i\000o\000n\000\040\000o\000f\000\040\000t\000h\000e\000\040\000A\000b\000s\000o\000l\000u\000t\000e\000\040\000V\000a\000l\000u\000e\000\040\000F\000u\000n\000c\000t\000i\000o\000n}{section*.13}% 62
\BOOKMARK [2][-]{subsection.a..2.1}{\376\377\000F\000o\000r\000\040\000t\000h\000e\000\040\000C\000a\000s\000e\000\040\000o\000f\000\040\000B\000o\000t\000h\000\040\000L\000i\000m\000i\000t\000s\000\040\000a\000t\000\040\000I\000n\000f\000i\000n\000i\000t\000y}{section.a..2}% 63
\BOOKMARK [2][-]{subsection.a..2.2}{\376\377\000F\000o\000r\000\040\000t\000h\000e\000\040\000C\000a\000s\000e\000\040\000o\000f\000\040\000L\000i\000m\000i\000t\000s\000\040\000a\000t\000\040\000Z\000e\000r\000o\000\040\000a\000n\000d\000\040\000I\000n\000f\000i\000n\000i\000t\000y}{section.a..2}% 64
\BOOKMARK [1][-]{section.a..3}{\376\377\000D\000e\000t\000a\000i\000l\000e\000d\000\040\000D\000e\000r\000i\000v\000a\000t\000i\000o\000n\000s\000\040\000o\000f\000\040\000t\000h\000e\000\040\000E\000x\000p\000a\000n\000s\000i\000o\000n\000s}{section*.13}% 65
\BOOKMARK [2][-]{subsection.a..3.1}{\376\377\000A\000\040\000U\000s\000e\000f\000u\000l\000\040\000I\000n\000t\000e\000g\000r\000a\000l}{section.a..3}% 66
\BOOKMARK [2][-]{subsection.a..3.2}{\376\377\000H\000y\000p\000e\000r\000b\000o\000l\000i\000c\000\040\000S\000e\000c\000a\000n\000t}{section.a..3}% 67
\BOOKMARK [2][-]{subsection.a..3.3}{\376\377\000H\000y\000p\000e\000r\000b\000o\000l\000i\000c\000\040\000T\000a\000n\000g\000e\000n\000t}{section.a..3}% 68
\BOOKMARK [2][-]{subsection.a..3.4}{\376\377\000H\000y\000p\000e\000r\000b\000o\000l\000i\000c\000\040\000S\000e\000c\000a\000n\000t\000\040\000S\000q\000u\000a\000r\000e\000d}{section.a..3}% 69
\BOOKMARK [1][-]{section.a..4}{\376\377\000D\000e\000t\000a\000i\000l\000e\000d\000\040\000D\000e\000r\000i\000v\000a\000t\000i\000o\000n\000s\000\040\000o\000f\000\040\000t\000h\000e\000\040\000E\000x\000p\000a\000n\000s\000i\000o\000n\000\040\000E\000r\000r\000o\000r\000s}{section*.13}% 70
\BOOKMARK [2][-]{subsection.a..4.1}{\376\377\000H\000y\000p\000e\000r\000b\000o\000l\000i\000c\000\040\000S\000e\000c\000a\000n\000t}{section.a..4}% 71
\BOOKMARK [2][-]{subsection.a..4.2}{\376\377\000H\000y\000p\000e\000r\000b\000o\000l\000i\000c\000\040\000T\000a\000n\000g\000e\000n\000t}{section.a..4}% 72
\BOOKMARK [1][-]{section.a..5}{\376\377\000U\000s\000e\000f\000u\000l\000\040\000S\000p\000e\000c\000i\000a\000l\000\040\000F\000u\000n\000c\000t\000i\000o\000n\000\040\000R\000e\000l\000a\000t\000i\000o\000n\000s}{section*.13}% 73
\BOOKMARK [2][-]{subsection.a..5.1}{\376\377\000P\000r\000i\000m\000a\000r\000y\000\040\000D\000e\000f\000i\000n\000i\000t\000i\000o\000n\000s}{section.a..5}% 74
\BOOKMARK [2][-]{subsection.a..5.2}{\376\377\000B\000a\000s\000i\000c\000\040\000T\000r\000i\000g\000o\000n\000o\000m\000e\000t\000r\000i\000c\000\040\000a\000n\000d\000\040\000H\000y\000p\000e\000r\000b\000o\000l\000i\000c\000\040\000R\000e\000l\000a\000t\000i\000o\000n\000s\000h\000i\000p\000s}{section.a..5}% 75
\BOOKMARK [2][-]{subsection.a..5.3}{\376\377\000T\000a\000y\000l\000o\000r\000\040\000S\000e\000r\000i\000e\000s\000\040\000o\000f\000\040\000S\000o\000m\000e\000\040\000H\000y\000p\000e\000r\000b\000o\000l\000i\000c\000\040\000F\000u\000n\000c\000t\000i\000o\000n\000s}{section.a..5}% 76
\BOOKMARK [2][-]{subsection.a..5.4}{\376\377\000S\000o\000m\000e\000\040\000T\000r\000i\000g\000o\000n\000o\000m\000e\000t\000r\000i\000c\000\040\000I\000n\000t\000e\000g\000r\000a\000l\000s\000\040\000a\000n\000d\000\040\000I\000d\000e\000n\000t\000i\000t\000i\000e\000s}{section.a..5}% 77
\BOOKMARK [2][-]{subsection.a..5.5}{\376\377\000P\000a\000r\000t\000i\000a\000l\000\040\000S\000u\000m\000s\000\040\000o\000f\000\040\000S\000o\000m\000e\000\040\000T\000r\000i\000g\000o\000n\000o\000m\000e\000t\000r\000i\000c\000\040\000F\000u\000n\000c\000t\000i\000o\000n\000s}{section.a..5}% 78
\BOOKMARK [2][-]{subsection.a..5.6}{\376\377\000C\000o\000n\000n\000e\000c\000t\000i\000o\000n\000s\000\040\000B\000e\000t\000w\000e\000e\000n\000\040\000t\000h\000e\000\040\000P\000o\000l\000y\000l\000o\000g\000a\000r\000i\000t\000h\000m\000s\000\040\000a\000n\000d\000\040\000t\000h\000e\000\040\000H\000y\000p\000e\000r\000b\000o\000l\000i\000c\000\040\000S\000e\000c\000a\000n\000t}{section.a..5}% 79
\BOOKMARK [2][-]{subsection.a..5.7}{\376\377\000H\000y\000p\000e\000r\000b\000o\000l\000i\000c\000\040\000a\000n\000d\000\040\000P\000o\000w\000e\000r\000\040\000F\000u\000n\000c\000t\000i\000o\000n\000\040\000P\000r\000o\000d\000u\000c\000t\000s}{section.a..5}% 80
\BOOKMARK [2][-]{subsection.a..5.8}{\376\377\000R\000e\000p\000e\000a\000t\000e\000d\000\040\000I\000n\000t\000e\000g\000r\000a\000l\000s\000\040\000a\000n\000d\000\040\000D\000e\000r\000i\000v\000a\000t\000i\000v\000e\000s}{section.a..5}% 81
\BOOKMARK [2][-]{subsection.a..5.9}{\376\377\000I\000n\000t\000e\000g\000r\000a\000l\000s\000\040\000o\000f\000\040\000P\000o\000l\000y\000l\000o\000g\000a\000r\000i\000t\000h\000m\000\040\000a\000n\000d\000\040\000P\000o\000w\000e\000r\000\040\000F\000u\000n\000c\000t\000i\000o\000n\000\040\000P\000r\000o\000d\000u\000c\000t\000s}{section.a..5}% 82
